Using pre-set license
Built from '2020.3/staging' branch; Version is '2020.3.9f1 (108be757e447) revision 1084391'; Using compiler version '192528614'; Build Type 'Release'
OS: 'Windows 10 Pro; OS build 19041.1052; Version 2004; 64bit' Language: 'en' Physical Memory: 16311 MB
BatchMode: 1, IsHumanControllingUs: 0, StartBugReporterOnCrash: 0, Is64bit: 1, IsPro: 0

 COMMAND LINE ARGUMENTS:
C:\Program Files\Unity\Editor\Unity.exe
-adb2
-batchMode
-noUpm
-name
AssetImportWorker0
-projectPath
C:/Users/User/Documents/DS579/cs579project/Maze
-logFile
Logs/AssetImportWorker0.log
-srvPort
57474
Successfully changed project path to: C:/Users/User/Documents/DS579/cs579project/Maze
C:/Users/User/Documents/DS579/cs579project/Maze
Using Asset Import Pipeline V2.
Refreshing native plugins compatible for Editor in 19.35 ms, found 0 plugins.
Preloading 0 native plugins for Editor in 0.00 ms.
Initialize engine version: 2020.3.9f1 (108be757e447)
[Subsystems] Discovering subsystems at path C:/Program Files/Unity/Editor/Data/Resources/UnitySubsystems
[Subsystems] Discovering subsystems at path C:/Users/User/Documents/DS579/cs579project/Maze/Assets
GfxDevice: creating device client; threaded=0
Direct3D:
    Version:  Direct3D 11.0 [level 11.1]
    Renderer: NVIDIA GeForce GTX 1080 Ti (ID=0x1b06)
    Vendor:   
    VRAM:     11127 MB
    Driver:   27.21.14.6647
Initialize mono
Mono path[0] = 'C:/Program Files/Unity/Editor/Data/Managed'
Mono path[1] = 'C:/Program Files/Unity/Editor/Data/MonoBleedingEdge/lib/mono/unityjit'
Mono config path = 'C:/Program Files/Unity/Editor/Data/MonoBleedingEdge/etc'
Using monoOptions --debugger-agent=transport=dt_socket,embedding=1,server=y,suspend=n,address=127.0.0.1:56824
Begin MonoManager ReloadAssembly
Registering precompiled unity dll's ...
Register platform support module: C:/Program Files/Unity/Editor/Data/PlaybackEngines/WindowsStandaloneSupport/UnityEditor.WindowsStandalone.Extensions.dll
Registered in 0.002964 seconds.
Native extension for WindowsStandalone target not found
Refreshing native plugins compatible for Editor in 18.21 ms, found 0 plugins.
Preloading 0 native plugins for Editor in 0.00 ms.
Mono: successfully reloaded assembly
- Completed reload, in  1.185 seconds
Platform modules already initialized, skipping
Registering precompiled user dll's ...
Registered in 0.000735 seconds.
Begin MonoManager ReloadAssembly
Native extension for WindowsStandalone target not found
Refreshing native plugins compatible for Editor in 0.14 ms, found 0 plugins.
Preloading 0 native plugins for Editor in 0.00 ms.
Mono: successfully reloaded assembly
- Completed reload, in  0.856 seconds
Platform modules already initialized, skipping
========================================================================
Worker process is ready to serve import requests
Launched and connected shader compiler UnityShaderCompiler.exe after 0.04 seconds
Refreshing native plugins compatible for Editor in 0.19 ms, found 0 plugins.
Preloading 0 native plugins for Editor in 0.00 ms.
Unloading 677 Unused Serialized files (Serialized files now loaded: 0)
System memory in use before: 42.2 MB.
System memory in use after: 42.2 MB.

Unloading 9 unused Assets to reduce memory usage. Loaded Objects now: 1120.
Total: 1.450800 ms (FindLiveObjects: 0.098200 ms CreateObjectMapping: 0.016400 ms MarkObjects: 1.273400 ms  DeleteObjects: 0.061200 ms)

========================================================================
Received Import Request.
  path: Assets/New Folder
  artifactKey: Guid(7deac67a9d0c94a4e93790cb59c912c2) Importer(815301076,1909f56bfc062723c751e8b465ee728b)
Start importing Assets/New Folder using Guid(7deac67a9d0c94a4e93790cb59c912c2) Importer(815301076,1909f56bfc062723c751e8b465ee728b)  -> (artifact id: 'f1e811e16b10049415a05e35c2c2ca29') in 0.008807 seconds
  Import took 0.010126 seconds .

========================================================================
Received Import Request.
  Time since last request: 56.298435 seconds.
  path: Assets/GravityOrbit.cs
  artifactKey: Guid(2c4303b292d683e49929efdf48992593) Importer(815301076,1909f56bfc062723c751e8b465ee728b)
Start importing Assets/GravityOrbit.cs using Guid(2c4303b292d683e49929efdf48992593) Importer(815301076,1909f56bfc062723c751e8b465ee728b)  -> (artifact id: '95b25c70331b0bcbcab4bda91e4161d5') in 0.024600 seconds
  Import took 0.026350 seconds .

========================================================================
Received Prepare
Registering precompiled user dll's ...
Registered in 0.000608 seconds.
Begin MonoManager ReloadAssembly
Native extension for WindowsStandalone target not found
Refreshing native plugins compatible for Editor in 0.16 ms, found 0 plugins.
Preloading 0 native plugins for Editor in 0.00 ms.
Mono: successfully reloaded assembly
- Completed reload, in  0.805 seconds
Platform modules already initialized, skipping
Refreshing native plugins compatible for Editor in 0.14 ms, found 0 plugins.
Preloading 0 native plugins for Editor in 0.00 ms.
Unloading 675 Unused Serialized files (Serialized files now loaded: 0)
System memory in use before: 42.2 MB.
System memory in use after: 42.3 MB.

Unloading 4 unused Assets to reduce memory usage. Loaded Objects now: 1126.
Total: 1.376100 ms (FindLiveObjects: 0.084200 ms CreateObjectMapping: 0.016800 ms MarkObjects: 1.258000 ms  DeleteObjects: 0.015700 ms)

========================================================================
Received Import Request.
  Time since last request: 3.400092 seconds.
  path: Assets/GravityControl.cs
  artifactKey: Guid(65d7e0c3b00b0334ca4377ad10a6aa03) Importer(815301076,1909f56bfc062723c751e8b465ee728b)
Start importing Assets/GravityControl.cs using Guid(65d7e0c3b00b0334ca4377ad10a6aa03) Importer(815301076,1909f56bfc062723c751e8b465ee728b)  -> (artifact id: '7f5f06a49883e87e5728c0991476268f') in 0.008643 seconds
  Import took 0.009903 seconds .

========================================================================
Received Import Request.
  Time since last request: 0.633470 seconds.
  path: Assets/DoorTrigger.cs
  artifactKey: Guid(ec976ce4a81cb614287a173e71e0acb4) Importer(815301076,1909f56bfc062723c751e8b465ee728b)
Start importing Assets/DoorTrigger.cs using Guid(ec976ce4a81cb614287a173e71e0acb4) Importer(815301076,1909f56bfc062723c751e8b465ee728b)  -> (artifact id: '44d95dd0d22cb27d46216f856aeb25a7') in 0.007332 seconds
  Import took 0.008562 seconds .

========================================================================
Received Import Request.
  Time since last request: 0.003481 seconds.
  path: Assets/DoorTrigger.cs
  artifactKey: Guid(ec976ce4a81cb614287a173e71e0acb4) Importer(815301076,1909f56bfc062723c751e8b465ee728b)
Start importing Assets/DoorTrigger.cs using Guid(ec976ce4a81cb614287a173e71e0acb4) Importer(815301076,1909f56bfc062723c751e8b465ee728b)  -> (artifact id: '44d95dd0d22cb27d46216f856aeb25a7') in 0.002654 seconds
  Import took 0.003874 seconds .

AssetImportWorkerClient::OnTransportError - code=2 error=End of file
